Determining if the pthread_create exist failed with the following output:
Change Dir: /home/wunl/catkin_ws/build/CMakeFiles/CMakeTmp

Run Build Command:/usr/bin/make "cmTryCompileExec3296173761/fast"
/usr/bin/make -f CMakeFiles/cmTryCompileExec3296173761.dir/build.make CMakeFiles/cmTryCompileExec3296173761.dir/build
make[1]: Entering directory `/home/wunl/catkin_ws/build/CMakeFiles/CMakeTmp'
/usr/bin/cmake -E cmake_progress_report /home/wunl/catkin_ws/build/CMakeFiles/CMakeTmp/CMakeFiles 1
Building C object CMakeFiles/cmTryCompileExec3296173761.dir/CheckSymbolExists.c.o
/usr/bin/cc    -o CMakeFiles/cmTryCompileExec3296173761.dir/CheckSymbolExists.c.o   -c /home/wunl/catkin_ws/build/CMakeFiles/CMakeTmp/CheckSymbolExists.c
Linking C executable cmTryCompileExec3296173761
/usr/bin/cmake -E cmake_link_script CMakeFiles/cmTryCompileExec3296173761.dir/link.txt --verbose=1
/usr/bin/cc       CMakeFiles/cmTryCompileExec3296173761.dir/CheckSymbolExists.c.o  -o cmTryCompileExec3296173761 -rdynamic 
CMakeFiles/cmTryCompileExec3296173761.dir/CheckSymbolExists.c.o: In function `main':
CheckSymbolExists.c:(.text+0x16): undefined reference to `pthread_create'
collect2: error: ld returned 1 exit status
make[1]: *** [cmTryCompileExec3296173761] Error 1
make[1]: Leaving directory `/home/wunl/catkin_ws/build/CMakeFiles/CMakeTmp'
make: *** [cmTryCompileExec3296173761/fast] Error 2

File /home/wunl/catkin_ws/build/CMakeFiles/CMakeTmp/CheckSymbolExists.c:
/* */
#include <pthread.h>

int main(int argc, char** argv)
{
  (void)argv;
#ifndef pthread_create
  return ((int*)(&pthread_create))[argc];
#else
  (void)argc;
  return 0;
#endif
}

Determining if the function pthread_create exists in the pthreads failed with the following output:
Change Dir: /home/wunl/catkin_ws/build/CMakeFiles/CMakeTmp

Run Build Command:/usr/bin/make "cmTryCompileExec732133144/fast"
/usr/bin/make -f CMakeFiles/cmTryCompileExec732133144.dir/build.make CMakeFiles/cmTryCompileExec732133144.dir/build
make[1]: Entering directory `/home/wunl/catkin_ws/build/CMakeFiles/CMakeTmp'
/usr/bin/cmake -E cmake_progress_report /home/wunl/catkin_ws/build/CMakeFiles/CMakeTmp/CMakeFiles 1
Building C object CMakeFiles/cmTryCompileExec732133144.dir/CheckFunctionExists.c.o
/usr/bin/cc   -DCHECK_FUNCTION_EXISTS=pthread_create   -o CMakeFiles/cmTryCompileExec732133144.dir/CheckFunctionExists.c.o   -c /usr/share/cmake-2.8/Modules/CheckFunctionExists.c
Linking C executable cmTryCompileExec732133144
/usr/bin/cmake -E cmake_link_script CMakeFiles/cmTryCompileExec732133144.dir/link.txt --verbose=1
/usr/bin/cc   -DCHECK_FUNCTION_EXISTS=pthread_create    CMakeFiles/cmTryCompileExec732133144.dir/CheckFunctionExists.c.o  -o cmTryCompileExec732133144 -rdynamic -lpthreads 
/usr/bin/ld: cannot find -lpthreads
collect2: error: ld returned 1 exit status
make[1]: *** [cmTryCompileExec732133144] Error 1
make[1]: Leaving directory `/home/wunl/catkin_ws/build/CMakeFiles/CMakeTmp'
make: *** [cmTryCompileExec732133144/fast] Error 2


Determining if the Q_WS_WIN exist failed with the following output:
Change Dir: /home/wunl/catkin_ws/build/CMakeFiles/CMakeTmp

Run Build Command:/usr/bin/make "cmTryCompileExec3048766897/fast"
/usr/bin/make -f CMakeFiles/cmTryCompileExec3048766897.dir/build.make CMakeFiles/cmTryCompileExec3048766897.dir/build
make[1]: Entering directory `/home/wunl/catkin_ws/build/CMakeFiles/CMakeTmp'
/usr/bin/cmake -E cmake_progress_report /home/wunl/catkin_ws/build/CMakeFiles/CMakeTmp/CMakeFiles 1
Building CXX object CMakeFiles/cmTryCompileExec3048766897.dir/CheckSymbolExists.cxx.o
/usr/bin/c++    -I/usr/include/qt4    -o CMakeFiles/cmTryCompileExec3048766897.dir/CheckSymbolExists.cxx.o -c /home/wunl/catkin_ws/build/CMakeFiles/CMakeTmp/CheckSymbolExists.cxx
/home/wunl/catkin_ws/build/CMakeFiles/CMakeTmp/CheckSymbolExists.cxx: In function ‘int main(int, char**)’:
/home/wunl/catkin_ws/build/CMakeFiles/CMakeTmp/CheckSymbolExists.cxx:8:19: error: ‘Q_WS_WIN’ was not declared in this scope
   return ((int*)(&Q_WS_WIN))[argc];
                   ^
make[1]: *** [CMakeFiles/cmTryCompileExec3048766897.dir/CheckSymbolExists.cxx.o] Error 1
make[1]: Leaving directory `/home/wunl/catkin_ws/build/CMakeFiles/CMakeTmp'
make: *** [cmTryCompileExec3048766897/fast] Error 2

File /home/wunl/catkin_ws/build/CMakeFiles/CMakeTmp/CheckSymbolExists.cxx:
/* */
#include <QtCore/qglobal.h>

int main(int argc, char** argv)
{
  (void)argv;
#ifndef Q_WS_WIN
  return ((int*)(&Q_WS_WIN))[argc];
#else
  (void)argc;
  return 0;
#endif
}

Determining if the Q_WS_QWS exist failed with the following output:
Change Dir: /home/wunl/catkin_ws/build/CMakeFiles/CMakeTmp

Run Build Command:/usr/bin/make "cmTryCompileExec2895098548/fast"
/usr/bin/make -f CMakeFiles/cmTryCompileExec2895098548.dir/build.make CMakeFiles/cmTryCompileExec2895098548.dir/build
make[1]: Entering directory `/home/wunl/catkin_ws/build/CMakeFiles/CMakeTmp'
/usr/bin/cmake -E cmake_progress_report /home/wunl/catkin_ws/build/CMakeFiles/CMakeTmp/CMakeFiles 1
Building CXX object CMakeFiles/cmTryCompileExec2895098548.dir/CheckSymbolExists.cxx.o
/usr/bin/c++    -I/usr/include/qt4    -o CMakeFiles/cmTryCompileExec2895098548.dir/CheckSymbolExists.cxx.o -c /home/wunl/catkin_ws/build/CMakeFiles/CMakeTmp/CheckSymbolExists.cxx
/home/wunl/catkin_ws/build/CMakeFiles/CMakeTmp/CheckSymbolExists.cxx: In function ‘int main(int, char**)’:
/home/wunl/catkin_ws/build/CMakeFiles/CMakeTmp/CheckSymbolExists.cxx:8:19: error: ‘Q_WS_QWS’ was not declared in this scope
   return ((int*)(&Q_WS_QWS))[argc];
                   ^
make[1]: Leaving directory `/home/wunl/catkin_ws/build/CMakeFiles/CMakeTmp'
make[1]: *** [CMakeFiles/cmTryCompileExec2895098548.dir/CheckSymbolExists.cxx.o] Error 1
make: *** [cmTryCompileExec2895098548/fast] Error 2

File /home/wunl/catkin_ws/build/CMakeFiles/CMakeTmp/CheckSymbolExists.cxx:
/* */
#include <QtCore/qglobal.h>

int main(int argc, char** argv)
{
  (void)argv;
#ifndef Q_WS_QWS
  return ((int*)(&Q_WS_QWS))[argc];
#else
  (void)argc;
  return 0;
#endif
}

Determining if the Q_WS_MAC exist failed with the following output:
Change Dir: /home/wunl/catkin_ws/build/CMakeFiles/CMakeTmp

Run Build Command:/usr/bin/make "cmTryCompileExec266214003/fast"
/usr/bin/make -f CMakeFiles/cmTryCompileExec266214003.dir/build.make CMakeFiles/cmTryCompileExec266214003.dir/build
make[1]: Entering directory `/home/wunl/catkin_ws/build/CMakeFiles/CMakeTmp'
/usr/bin/cmake -E cmake_progress_report /home/wunl/catkin_ws/build/CMakeFiles/CMakeTmp/CMakeFiles 1
Building CXX object CMakeFiles/cmTryCompileExec266214003.dir/CheckSymbolExists.cxx.o
/usr/bin/c++    -I/usr/include/qt4    -o CMakeFiles/cmTryCompileExec266214003.dir/CheckSymbolExists.cxx.o -c /home/wunl/catkin_ws/build/CMakeFiles/CMakeTmp/CheckSymbolExists.cxx
/home/wunl/catkin_ws/build/CMakeFiles/CMakeTmp/CheckSymbolExists.cxx: In function ‘int main(int, char**)’:
/home/wunl/catkin_ws/build/CMakeFiles/CMakeTmp/CheckSymbolExists.cxx:8:19: error: ‘Q_WS_MAC’ was not declared in this scope
   return ((int*)(&Q_WS_MAC))[argc];
                   ^
make[1]: *** [CMakeFiles/cmTryCompileExec266214003.dir/CheckSymbolExists.cxx.o] Error 1
make[1]: Leaving directory `/home/wunl/catkin_ws/build/CMakeFiles/CMakeTmp'
make: *** [cmTryCompileExec266214003/fast] Error 2

File /home/wunl/catkin_ws/build/CMakeFiles/CMakeTmp/CheckSymbolExists.cxx:
/* */
#include <QtCore/qglobal.h>

int main(int argc, char** argv)
{
  (void)argv;
#ifndef Q_WS_MAC
  return ((int*)(&Q_WS_MAC))[argc];
#else
  (void)argc;
  return 0;
#endif
}

